{"/Users/nabin/Desktop/my-app/frontend/src/App.js": {"path":"/Users/nabin/Desktop/my-app/frontend/src/App.js","statementMap":{"0":{"start":{"line":6,"column":2},"end":{"line":10,"column":4}},"1":{"start":{"line":8,"column":25},"end":{"line":8,"column":103}}},"fnMap":{"0":{"name":"App","decl":{"start":{"line":5,"column":9},"end":{"line":5,"column":12}},"loc":{"start":{"line":5,"column":15},"end":{"line":11,"column":1}},"line":5},"1":{"name":"(anonymous_1)","decl":{"start":{"line":8,"column":19},"end":{"line":8,"column":20}},"loc":{"start":{"line":8,"column":25},"end":{"line":8,"column":103}},"line":8}},"branchMap":{},"s":{"0":1,"1":2},"f":{"0":1,"1":2},"b":{},"_coverageSchema":"1a1c01bbd47fc00a2c39e90264f33305004495a9","hash":"889fc0449958eb5a37c01b32a0612fcfe4904440"}
,"/Users/nabin/Desktop/my-app/frontend/src/apis.js": {"path":"/Users/nabin/Desktop/my-app/frontend/src/apis.js","statementMap":{"0":{"start":{"line":1,"column":16},"end":{"line":1,"column":40}},"1":{"start":{"line":3,"column":18},"end":{"line":3,"column":44}},"2":{"start":{"line":4,"column":20},"end":{"line":4,"column":47}},"3":{"start":{"line":5,"column":16},"end":{"line":5,"column":39}},"4":{"start":{"line":6,"column":24},"end":{"line":6,"column":55}},"5":{"start":{"line":7,"column":30},"end":{"line":7,"column":73}},"6":{"start":{"line":7,"column":38},"end":{"line":7,"column":73}}},"fnMap":{"0":{"name":"(anonymous_0)","decl":{"start":{"line":7,"column":30},"end":{"line":7,"column":31}},"loc":{"start":{"line":7,"column":38},"end":{"line":7,"column":73}},"line":7}},"branchMap":{},"s":{"0":4,"1":4,"2":4,"3":4,"4":4,"5":4,"6":0},"f":{"0":0},"b":{},"_coverageSchema":"1a1c01bbd47fc00a2c39e90264f33305004495a9","hash":"b4c2347724e4ae0b65a0ed9ede2a30681a6276d2"}
,"/Users/nabin/Desktop/my-app/frontend/src/routes.js": {"path":"/Users/nabin/Desktop/my-app/frontend/src/routes.js","statementMap":{"0":{"start":{"line":4,"column":15},"end":{"line":18,"column":1}}},"fnMap":{},"branchMap":{},"s":{"0":1},"f":{},"b":{},"_coverageSchema":"1a1c01bbd47fc00a2c39e90264f33305004495a9","hash":"69adc6a75037b0c856485bc74918c2b4822aa900"}
,"/Users/nabin/Desktop/my-app/frontend/src/setupTests.js": {"path":"/Users/nabin/Desktop/my-app/frontend/src/setupTests.js","statementMap":{},"fnMap":{},"branchMap":{},"s":{},"f":{},"b":{}}
,"/Users/nabin/Desktop/my-app/frontend/src/atom/CategoryAtom.js": {"path":"/Users/nabin/Desktop/my-app/frontend/src/atom/CategoryAtom.js","statementMap":{"0":{"start":{"line":3,"column":28},"end":{"line":6,"column":2}}},"fnMap":{},"branchMap":{},"s":{"0":3},"f":{},"b":{},"_coverageSchema":"1a1c01bbd47fc00a2c39e90264f33305004495a9","hash":"8ce8592a6c4062c454d7807283836c51d4716f0b"}
,"/Users/nabin/Desktop/my-app/frontend/src/atom/NotificationsAtom.js": {"path":"/Users/nabin/Desktop/my-app/frontend/src/atom/NotificationsAtom.js","statementMap":{"0":{"start":{"line":3,"column":33},"end":{"line":6,"column":2}}},"fnMap":{},"branchMap":{},"s":{"0":4},"f":{},"b":{},"_coverageSchema":"1a1c01bbd47fc00a2c39e90264f33305004495a9","hash":"df9c4915191ffca9d5d4ea14a55d576b08b6016a"}
,"/Users/nabin/Desktop/my-app/frontend/src/atom/UserAtom.js": {"path":"/Users/nabin/Desktop/my-app/frontend/src/atom/UserAtom.js","statementMap":{"0":{"start":{"line":5,"column":24},"end":{"line":28,"column":2}}},"fnMap":{},"branchMap":{},"s":{"0":3},"f":{},"b":{},"_coverageSchema":"1a1c01bbd47fc00a2c39e90264f33305004495a9","hash":"fed4a2aea919a954ec56e26266807d74edd4c539"}
,"/Users/nabin/Desktop/my-app/frontend/src/components/SendNotificationForm.js": {"path":"/Users/nabin/Desktop/my-app/frontend/src/components/SendNotificationForm.js","statementMap":{"0":{"start":{"line":11,"column":29},"end":{"line":73,"column":1}},"1":{"start":{"line":12,"column":34},"end":{"line":12,"column":46}},"2":{"start":{"line":14,"column":23},"end":{"line":14,"column":44}},"3":{"start":{"line":15,"column":17},"end":{"line":15,"column":41}},"4":{"start":{"line":16,"column":32},"end":{"line":16,"column":65}},"5":{"start":{"line":19,"column":31},"end":{"line":39,"column":5}},"6":{"start":{"line":20,"column":8},"end":{"line":20,"column":27}},"7":{"start":{"line":21,"column":8},"end":{"line":21,"column":26}},"8":{"start":{"line":22,"column":23},"end":{"line":22,"column":50}},"9":{"start":{"line":23,"column":8},"end":{"line":38,"column":9}},"10":{"start":{"line":24,"column":29},"end":{"line":24,"column":51}},"11":{"start":{"line":25,"column":25},"end":{"line":25,"column":166}},"12":{"start":{"line":25,"column":83},"end":{"line":25,"column":164}},"13":{"start":{"line":26,"column":12},"end":{"line":35,"column":15}},"14":{"start":{"line":31,"column":16},"end":{"line":31,"column":84}},"15":{"start":{"line":32,"column":16},"end":{"line":32,"column":35}},"16":{"start":{"line":34,"column":16},"end":{"line":34,"column":78}},"17":{"start":{"line":37,"column":12},"end":{"line":37,"column":70}},"18":{"start":{"line":46,"column":4},"end":{"line":72,"column":5}},"19":{"start":{"line":59,"column":47},"end":{"line":59,"column":102}},"20":{"start":{"line":64,"column":194},"end":{"line":64,"column":220}}},"fnMap":{"0":{"name":"(anonymous_0)","decl":{"start":{"line":11,"column":29},"end":{"line":11,"column":30}},"loc":{"start":{"line":11,"column":35},"end":{"line":73,"column":1}},"line":11},"1":{"name":"(anonymous_1)","decl":{"start":{"line":19,"column":31},"end":{"line":19,"column":32}},"loc":{"start":{"line":19,"column":38},"end":{"line":39,"column":5}},"line":19},"2":{"name":"(anonymous_2)","decl":{"start":{"line":25,"column":76},"end":{"line":25,"column":77}},"loc":{"start":{"line":25,"column":83},"end":{"line":25,"column":164}},"line":25},"3":{"name":"(anonymous_3)","decl":{"start":{"line":30,"column":20},"end":{"line":30,"column":21}},"loc":{"start":{"line":30,"column":27},"end":{"line":33,"column":13}},"line":30},"4":{"name":"(anonymous_4)","decl":{"start":{"line":33,"column":21},"end":{"line":33,"column":22}},"loc":{"start":{"line":33,"column":28},"end":{"line":35,"column":13}},"line":33},"5":{"name":"(anonymous_5)","decl":{"start":{"line":59,"column":41},"end":{"line":59,"column":42}},"loc":{"start":{"line":59,"column":47},"end":{"line":59,"column":102}},"line":59},"6":{"name":"(anonymous_6)","decl":{"start":{"line":64,"column":187},"end":{"line":64,"column":188}},"loc":{"start":{"line":64,"column":194},"end":{"line":64,"column":220}},"line":64}},"branchMap":{"0":{"loc":{"start":{"line":23,"column":8},"end":{"line":38,"column":9}},"type":"if","locations":[{"start":{"line":23,"column":8},"end":{"line":38,"column":9}},{"start":{"line":36,"column":15},"end":{"line":38,"column":9}}],"line":23},"1":{"loc":{"start":{"line":25,"column":89},"end":{"line":25,"column":163}},"type":"cond-expr","locations":[{"start":{"line":25,"column":123},"end":{"line":25,"column":143}},{"start":{"line":25,"column":146},"end":{"line":25,"column":163}}],"line":25}},"s":{"0":3,"1":10,"2":9,"3":9,"4":9,"5":9,"6":1,"7":1,"8":1,"9":1,"10":1,"11":1,"12":1,"13":1,"14":0,"15":0,"16":0,"17":0,"18":9,"19":6,"20":1},"f":{"0":10,"1":1,"2":1,"3":0,"4":0,"5":6,"6":1},"b":{"0":[1,0],"1":[0,1]},"_coverageSchema":"1a1c01bbd47fc00a2c39e90264f33305004495a9","hash":"b6b382bb91fb5dafd0bd5b79b0c0f43731f49b87"}
,"/Users/nabin/Desktop/my-app/frontend/src/hooks/useCategoryProvider.js": {"path":"/Users/nabin/Desktop/my-app/frontend/src/hooks/useCategoryProvider.js","statementMap":{"0":{"start":{"line":7,"column":28},"end":{"line":23,"column":1}},"1":{"start":{"line":8,"column":34},"end":{"line":8,"column":62}},"2":{"start":{"line":9,"column":2},"end":{"line":21,"column":8}},"3":{"start":{"line":10,"column":4},"end":{"line":20,"column":5}},"4":{"start":{"line":11,"column":6},"end":{"line":19,"column":10}},"5":{"start":{"line":14,"column":10},"end":{"line":14,"column":42}},"6":{"start":{"line":17,"column":10},"end":{"line":17,"column":26}},"7":{"start":{"line":18,"column":10},"end":{"line":18,"column":25}},"8":{"start":{"line":22,"column":2},"end":{"line":22,"column":17}}},"fnMap":{"0":{"name":"(anonymous_0)","decl":{"start":{"line":7,"column":28},"end":{"line":7,"column":29}},"loc":{"start":{"line":7,"column":34},"end":{"line":23,"column":1}},"line":7},"1":{"name":"(anonymous_1)","decl":{"start":{"line":9,"column":12},"end":{"line":9,"column":13}},"loc":{"start":{"line":9,"column":18},"end":{"line":21,"column":3}},"line":9},"2":{"name":"(anonymous_2)","decl":{"start":{"line":13,"column":14},"end":{"line":13,"column":15}},"loc":{"start":{"line":13,"column":23},"end":{"line":15,"column":9}},"line":13},"3":{"name":"(anonymous_3)","decl":{"start":{"line":16,"column":15},"end":{"line":16,"column":16}},"loc":{"start":{"line":16,"column":24},"end":{"line":19,"column":9}},"line":16}},"branchMap":{"0":{"loc":{"start":{"line":10,"column":4},"end":{"line":20,"column":5}},"type":"if","locations":[{"start":{"line":10,"column":4},"end":{"line":20,"column":5}},{"start":{},"end":{}}],"line":10}},"s":{"0":3,"1":9,"2":9,"3":5,"4":5,"5":2,"6":0,"7":0,"8":9},"f":{"0":9,"1":5,"2":2,"3":0},"b":{"0":[5,0]},"_coverageSchema":"1a1c01bbd47fc00a2c39e90264f33305004495a9","hash":"5394c7134aa4f9a148dbe10433df7a256959500e"}
,"/Users/nabin/Desktop/my-app/frontend/src/hooks/useNotificationProvider.js": {"path":"/Users/nabin/Desktop/my-app/frontend/src/hooks/useNotificationProvider.js","statementMap":{"0":{"start":{"line":9,"column":32},"end":{"line":26,"column":1}},"1":{"start":{"line":10,"column":44},"end":{"line":10,"column":77}},"2":{"start":{"line":11,"column":2},"end":{"line":24,"column":8}},"3":{"start":{"line":12,"column":4},"end":{"line":23,"column":5}},"4":{"start":{"line":13,"column":6},"end":{"line":22,"column":10}},"5":{"start":{"line":16,"column":10},"end":{"line":16,"column":50}},"6":{"start":{"line":19,"column":10},"end":{"line":19,"column":26}},"7":{"start":{"line":20,"column":10},"end":{"line":20,"column":30}},"8":{"start":{"line":25,"column":2},"end":{"line":25,"column":22}}},"fnMap":{"0":{"name":"(anonymous_0)","decl":{"start":{"line":9,"column":32},"end":{"line":9,"column":33}},"loc":{"start":{"line":9,"column":40},"end":{"line":26,"column":1}},"line":9},"1":{"name":"(anonymous_1)","decl":{"start":{"line":11,"column":12},"end":{"line":11,"column":13}},"loc":{"start":{"line":11,"column":18},"end":{"line":24,"column":3}},"line":11},"2":{"name":"(anonymous_2)","decl":{"start":{"line":15,"column":14},"end":{"line":15,"column":15}},"loc":{"start":{"line":15,"column":23},"end":{"line":17,"column":9}},"line":15},"3":{"name":"(anonymous_3)","decl":{"start":{"line":18,"column":15},"end":{"line":18,"column":16}},"loc":{"start":{"line":18,"column":24},"end":{"line":22,"column":9}},"line":18}},"branchMap":{"0":{"loc":{"start":{"line":12,"column":4},"end":{"line":23,"column":5}},"type":"if","locations":[{"start":{"line":12,"column":4},"end":{"line":23,"column":5}},{"start":{},"end":{}}],"line":12}},"s":{"0":2,"1":5,"2":5,"3":2,"4":2,"5":2,"6":0,"7":0,"8":5},"f":{"0":5,"1":2,"2":2,"3":0},"b":{"0":[2,0]},"_coverageSchema":"1a1c01bbd47fc00a2c39e90264f33305004495a9","hash":"62d307dd95b3ff0f3519d38e4dadc5a13e9bf3a2"}
,"/Users/nabin/Desktop/my-app/frontend/src/pages/History.js": {"path":"/Users/nabin/Desktop/my-app/frontend/src/pages/History.js","statementMap":{"0":{"start":{"line":5,"column":16},"end":{"line":31,"column":1}},"1":{"start":{"line":6,"column":19},"end":{"line":6,"column":32}},"2":{"start":{"line":7,"column":15},"end":{"line":7,"column":40}},"3":{"start":{"line":8,"column":15},"end":{"line":10,"column":3}},"4":{"start":{"line":9,"column":4},"end":{"line":9,"column":17}},"5":{"start":{"line":11,"column":2},"end":{"line":30,"column":3}},"6":{"start":{"line":17,"column":10},"end":{"line":26,"column":16}}},"fnMap":{"0":{"name":"(anonymous_0)","decl":{"start":{"line":5,"column":16},"end":{"line":5,"column":17}},"loc":{"start":{"line":5,"column":22},"end":{"line":31,"column":1}},"line":5},"1":{"name":"(anonymous_1)","decl":{"start":{"line":8,"column":15},"end":{"line":8,"column":16}},"loc":{"start":{"line":8,"column":21},"end":{"line":10,"column":3}},"line":8},"2":{"name":"(anonymous_2)","decl":{"start":{"line":16,"column":19},"end":{"line":16,"column":20}},"loc":{"start":{"line":17,"column":10},"end":{"line":26,"column":16}},"line":17}},"branchMap":{},"s":{"0":2,"1":6,"2":5,"3":5,"4":1,"5":5,"6":4},"f":{"0":6,"1":1,"2":4},"b":{},"_coverageSchema":"1a1c01bbd47fc00a2c39e90264f33305004495a9","hash":"44ee6bd72b5d61c4bb492fa98ad097fbc83a0457"}
,"/Users/nabin/Desktop/my-app/frontend/src/pages/Home.js": {"path":"/Users/nabin/Desktop/my-app/frontend/src/pages/Home.js","statementMap":{"0":{"start":{"line":5,"column":13},"end":{"line":19,"column":1}},"1":{"start":{"line":6,"column":19},"end":{"line":6,"column":32}},"2":{"start":{"line":7,"column":29},"end":{"line":9,"column":3}},"3":{"start":{"line":8,"column":4},"end":{"line":8,"column":24}},"4":{"start":{"line":11,"column":2},"end":{"line":18,"column":3}}},"fnMap":{"0":{"name":"(anonymous_0)","decl":{"start":{"line":5,"column":13},"end":{"line":5,"column":14}},"loc":{"start":{"line":5,"column":19},"end":{"line":19,"column":1}},"line":5},"1":{"name":"(anonymous_1)","decl":{"start":{"line":7,"column":29},"end":{"line":7,"column":30}},"loc":{"start":{"line":7,"column":35},"end":{"line":9,"column":3}},"line":7}},"branchMap":{},"s":{"0":2,"1":4,"2":4,"3":1,"4":4},"f":{"0":4,"1":1},"b":{},"_coverageSchema":"1a1c01bbd47fc00a2c39e90264f33305004495a9","hash":"d14cec395fd9b97429a9273dd8ddbfc818bf4d91"}
}
