TN:
SF:src/App.js
FN:5,App
FN:8,(anonymous_1)
FNF:2
FNH:2
FNDA:1,App
FNDA:2,(anonymous_1)
DA:6,1
DA:8,2
LF:2
LH:2
BRF:0
BRH:0
end_of_record
TN:
SF:src/apis.js
FN:7,(anonymous_0)
FNF:1
FNH:0
FNDA:0,(anonymous_0)
DA:1,4
DA:3,4
DA:4,4
DA:5,4
DA:6,4
DA:7,4
LF:6
LH:6
BRF:0
BRH:0
end_of_record
TN:
SF:src/routes.js
FNF:0
FNH:0
DA:4,1
LF:1
LH:1
BRF:0
BRH:0
end_of_record
TN:
SF:src/setupTests.js
FNF:0
FNH:0
LF:0
LH:0
BRF:0
BRH:0
end_of_record
TN:
SF:src/atom/CategoryAtom.js
FNF:0
FNH:0
DA:3,3
LF:1
LH:1
BRF:0
BRH:0
end_of_record
TN:
SF:src/atom/NotificationsAtom.js
FNF:0
FNH:0
DA:3,4
LF:1
LH:1
BRF:0
BRH:0
end_of_record
TN:
SF:src/atom/UserAtom.js
FNF:0
FNH:0
DA:5,3
LF:1
LH:1
BRF:0
BRH:0
end_of_record
TN:
SF:src/components/SendNotificationForm.js
FN:11,(anonymous_0)
FN:19,(anonymous_1)
FN:25,(anonymous_2)
FN:30,(anonymous_3)
FN:33,(anonymous_4)
FN:59,(anonymous_5)
FN:64,(anonymous_6)
FNF:7
FNH:5
FNDA:10,(anonymous_0)
FNDA:1,(anonymous_1)
FNDA:1,(anonymous_2)
FNDA:0,(anonymous_3)
FNDA:0,(anonymous_4)
FNDA:6,(anonymous_5)
FNDA:1,(anonymous_6)
DA:11,3
DA:12,10
DA:14,9
DA:15,9
DA:16,9
DA:19,9
DA:20,1
DA:21,1
DA:22,1
DA:23,1
DA:24,1
DA:25,1
DA:26,1
DA:31,0
DA:32,0
DA:34,0
DA:37,0
DA:46,9
DA:59,6
DA:64,1
LF:20
LH:16
BRDA:23,0,0,1
BRDA:23,0,1,0
BRDA:25,1,0,0
BRDA:25,1,1,1
BRF:4
BRH:2
end_of_record
TN:
SF:src/hooks/useCategoryProvider.js
FN:7,(anonymous_0)
FN:9,(anonymous_1)
FN:13,(anonymous_2)
FN:16,(anonymous_3)
FNF:4
FNH:3
FNDA:9,(anonymous_0)
FNDA:5,(anonymous_1)
FNDA:2,(anonymous_2)
FNDA:0,(anonymous_3)
DA:7,3
DA:8,9
DA:9,9
DA:10,5
DA:11,5
DA:14,2
DA:17,0
DA:18,0
DA:22,9
LF:9
LH:7
BRDA:10,0,0,5
BRDA:10,0,1,0
BRF:2
BRH:1
end_of_record
TN:
SF:src/hooks/useNotificationProvider.js
FN:9,(anonymous_0)
FN:11,(anonymous_1)
FN:15,(anonymous_2)
FN:18,(anonymous_3)
FNF:4
FNH:3
FNDA:5,(anonymous_0)
FNDA:2,(anonymous_1)
FNDA:2,(anonymous_2)
FNDA:0,(anonymous_3)
DA:9,2
DA:10,5
DA:11,5
DA:12,2
DA:13,2
DA:16,2
DA:19,0
DA:20,0
DA:25,5
LF:9
LH:7
BRDA:12,0,0,2
BRDA:12,0,1,0
BRF:2
BRH:1
end_of_record
TN:
SF:src/pages/History.js
FN:5,(anonymous_0)
FN:8,(anonymous_1)
FN:16,(anonymous_2)
FNF:3
FNH:3
FNDA:6,(anonymous_0)
FNDA:1,(anonymous_1)
FNDA:4,(anonymous_2)
DA:5,2
DA:6,6
DA:7,5
DA:8,5
DA:9,1
DA:11,5
DA:17,4
LF:7
LH:7
BRF:0
BRH:0
end_of_record
TN:
SF:src/pages/Home.js
FN:5,(anonymous_0)
FN:7,(anonymous_1)
FNF:2
FNH:2
FNDA:4,(anonymous_0)
FNDA:1,(anonymous_1)
DA:5,2
DA:6,4
DA:7,4
DA:8,1
DA:11,4
LF:5
LH:5
BRF:0
BRH:0
end_of_record
